Mplus VERSION 7.3
MUTHEN & MUTHEN
12/11/2016  10:05 AM

INPUT INSTRUCTIONS


  TITLE:	Newcastle analysis 2 classes;
  DATA:  FILE IS newcastle_terminal_decline.dat;

  VARIABLE: Names are
  	id
  	female
  	Demever
  	SESgrp
  	yrsedu
  	ytdead
  	bage
  	ttd1
  	ttd2
  	ttd3
  	mmse1
  	mmse2
  	mmse3
  ;

  MISSING is all (-9999);

  USEVARIABLES ARE
  ! variables used as is
  	female SESgrp Demever
  ! variables transformed in the DEFINE statement	
  	BPagec
  	educ
  	ytdeadc
  	dtimec1-dtimec3 		
  	y1-y3  ;

  TSCORES=dtimec1 dtimec2 dtimec3 ;

  CLASSES=c(2);
  DEFINE:
  	BPagec  = bage   - 85;
  	educ    = yrsedu - 7;
  	ytdeadc = ytdead + 6;
  	dtimec1 = ttd1   + 2;
  	dtimec2 = ttd1   + 2;
  	dtimec3 = ttd1   + 2;
  	y1      = mmse1;
  	y2      = mmse2;
  	y3      = mmse3;

  ANALYSIS:
  	type           = mixture random ;
  	estimator      = MLF;
  	Algorithm      = integration;
  	Mconvergence   = 0.09;
  	MIterations    = 100;
  	coverage       = 0.03;
  	integration    = montecarlo;
  	starts         = 500 30;
  	LOGCRITERION   = 0.09;

  MODEL: %OVERALL%

  	I S |  y1-y3  AT dtimec1-dtimec3;
  	I S ON BPagec educ ytdeadc female  Demever SESgrp;
  	c   ON BPagec educ ytdeadc female  Demever SESgrp;
  		educ;
  		BPagec;
  		ytdeadc;
  		
      %c#1%
      I S ON BPagec educ ytdeadc female  Demever SESgrp;
  		y1(1);
  		y2(1);
  		y3(1);

      %c#2%
      I S ON BPagec educ ytdeadc female  Demever SESgrp;
  		y1(2);
  		y2(2);
  		y3(2);

  OUTPUT: sampstat tech1 ;
  PLOT: Type is Plot1 Plot2 Plot3;
  SAVEDATA: FILE IS "newcastle-mmse-results.txt";
  SAVE=CPROBABILITIES; SAVE=FSCORES;



*** WARNING
  Data set contains cases with missing on x-variables.
  These cases were not included in the analysis.
  Number of cases with missing on x-variables:  32
   1 WARNING(S) FOUND IN THE INPUT INSTRUCTIONS



Newcastle analysis 2 classes;

SUMMARY OF ANALYSIS

Number of groups                                                 1
Number of observations                                         398

Number of dependent variables                                    3
Number of independent variables                                  6
Number of continuous latent variables                            2
Number of categorical latent variables                           1

Observed dependent variables

  Continuous
   Y1          Y2          Y3

Observed independent variables
   FEMALE      SESGRP      DEMEVER     BPAGEC      EDUC        YTDEADC

Continuous latent variables
   I           S

Categorical latent variables
   C

Variables with special functions

  Time scores
   DTIMEC1     DTIMEC2     DTIMEC3


Estimator                                                      MLF
Information matrix                                        OBSERVED
Optimization Specifications for the Quasi-Newton Algorithm for
Continuous Outcomes
  Maximum number of iterations                                 100
  Convergence criterion                                  0.100D-05
Optimization Specifications for the EM Algorithm
  Maximum number of iterations                                 100
  Convergence criteria
    Loglikelihood change                                 0.900D-01
    Relative loglikelihood change                        0.100D-05
    Derivative                                           0.900D-01
Optimization Specifications for the M step of the EM Algorithm for
Categorical Latent variables
  Number of M step iterations                                    1
  M step convergence criterion                           0.100D-02
  Basis for M step termination                           ITERATION
Optimization Specifications for the M step of the EM Algorithm for
Censored, Binary or Ordered Categorical (Ordinal), Unordered
Categorical (Nominal) and Count Outcomes
  Number of M step iterations                                    1
  M step convergence criterion                           0.100D-02
  Basis for M step termination                           ITERATION
  Maximum value for logit thresholds                            15
  Minimum value for logit thresholds                           -15
  Minimum expected cell size for chi-square              0.100D-01
Maximum number of iterations for H1                           2000
Convergence criterion for H1                             0.100D-03
Optimization algorithm                                         EMA
Integration Specifications
  Type                                                  MONTECARLO
  Number of integration points                                 150
  Dimensions of numerical integration                            3
  Adaptive quadrature                                           ON
  Monte Carlo integration seed                                   0
Random Starts Specifications
  Number of initial stage random starts                        500
  Number of final stage optimizations                           30
  Number of initial stage iterations                            10
  Initial stage convergence criterion                    0.100D+01
  Random starts scale                                    0.500D+01
  Random seed for generating random starts                       0
Cholesky                                                       OFF

Input data file(s)
  newcastle_terminal_decline.dat
Input data format  FREE


SUMMARY OF DATA

     Number of missing data patterns            10
     Number of y missing data patterns          10
     Number of u missing data patterns           0


COVARIANCE COVERAGE OF DATA

Minimum covariance coverage value   0.030


     PROPORTION OF DATA PRESENT FOR Y


           Covariance Coverage
              Y1            Y2            Y3            BPAGEC        EDUC
              ________      ________      ________      ________      ________
 Y1             0.990
 Y2             0.319         0.319
 Y3             0.050         0.045         0.050
 BPAGEC         0.892         0.312         0.048         0.892
 EDUC           0.982         0.319         0.050         0.884         0.992
 YTDEADC        0.990         0.319         0.050         0.892         0.992
 FEMALE         0.990         0.319         0.050         0.892         0.992
 SESGRP         0.990         0.319         0.050         0.892         0.992
 DEMEVER        0.990         0.319         0.050         0.892         0.992


           Covariance Coverage
              YTDEADC       FEMALE        SESGRP        DEMEVER
              ________      ________      ________      ________
 YTDEADC        1.000
 FEMALE         1.000         1.000
 SESGRP         1.000         1.000         1.000
 DEMEVER        1.000         1.000         1.000         1.000


SAMPLE STATISTICS

     NO CONVERGENCE IN THE MISSING DATA ESTIMATION OF THE SAMPLE STATISTICS.


UNIVARIATE HIGHER-ORDER MOMENT DESCRIPTIVE STATISTICS


     UNIVARIATE HIGHER-ORDER MOMENT DESCRIPTIVE STATISTICS

         Variable/         Mean/     Skewness/   Minimum/ % with                Percentiles
        Sample Size      Variance    Kurtosis    Maximum  Min/Max      20%/60%    40%/80%    Median

     Y1                   24.873      -1.943       0.000    0.76%      22.000     26.000     27.000
             394.000      34.365       3.946      30.000   13.20%      28.000     29.000
     Y2                   23.362      -1.365       2.000    0.79%      18.000     24.000     26.000
             127.000      46.562       1.057      30.000   10.24%      27.000     29.000
     Y3                   22.500      -1.425       1.000    5.00%      17.000     23.000     26.500
              20.000      61.850       1.033      30.000    5.00%      27.000     28.000
     BPAGEC                0.461       0.230      -0.533    0.28%       0.077      0.337      0.436
             355.000       0.180      -0.435       1.553    0.28%       0.532      0.833
     EDUC                  2.858       2.471      -1.000    0.51%       2.000      2.000      2.000
             395.000       3.438       7.456      13.000    0.25%       2.000      4.000
     YTDEADC               3.241      -0.108      -0.019    0.25%       1.596      2.765      3.293
             398.000       2.489      -1.124       5.892    0.25%       3.753      4.890
     FEMALE                0.545      -0.182       0.000   45.48%       0.000      0.000      1.000
             398.000       0.248      -1.967       1.000   54.52%       1.000      1.000
     SESGRP                0.422       0.315       0.000   57.79%       0.000      0.000      0.000
             398.000       0.244      -1.901       1.000   42.21%       1.000      1.000
     DEMEVER               0.123       2.294       0.000   87.69%       0.000      0.000      0.000
             398.000       0.108       3.263       1.000   12.31%       0.000      0.000

RANDOM STARTS RESULTS RANKED FROM THE BEST TO THE WORST LOGLIKELIHOOD VALUES

69 perturbed starting value run(s) did not converge in the initial stage
optimizations.

Final stage loglikelihood values at local maxima, seeds, and initial stage start numbers:

           -3226.503  648555           113
           -3226.705  963053           43
           -3227.082  297518           166
           -3227.101  794236           127
           -3227.328  443442           380
           -3227.594  722748           346
           -3227.725  43523            297
           -3228.802  46437            153
           -3229.477  736574           414
           -3229.798  36714            201
           -3229.858  970689           266
           -3230.012  34346            330
           -3230.415  395754           388
           -3230.650  320494           465
           -3231.044  335485           496
           -3231.058  252949           487
           -3243.706  21345            199
           -3249.497  972873           157
           -3252.901  717754           180

11 perturbed starting value run(s) did not converge.



THE BEST LOGLIKELIHOOD VALUE HAS BEEN REPLICATED.  RERUN WITH AT LEAST TWICE THE
RANDOM STARTS TO CHECK THAT THE BEST LOGLIKELIHOOD IS STILL OBTAINED AND REPLICATED.


THE MODEL ESTIMATION TERMINATED NORMALLY

     THE MISSING DATA EM ALGORITHM USED TO COMPUTE SAMPLE STATISTICS HAS NOT
     CONVERGED WITH RESPECT TO THE PARAMETER ESTIMATES.  THIS MAY BE DUE TO
     SPARSE DATA LEADING TO A SINGULAR COVARIANCE MATRIX ESTIMATE.  INCREASE
     THE NUMBER OF EM ITERATIONS.



MODEL FIT INFORMATION

Number of Free Parameters                       49

Loglikelihood

          H0 Value                       -3226.503

Information Criteria

          Akaike (AIC)                    6551.006
          Bayesian (BIC)                  6746.342
          Sample-Size Adjusted BIC        6590.863
            (n* = (n + 2) / 24)



FINAL CLASS COUNTS AND PROPORTIONS FOR THE LATENT CLASSES
BASED ON THE ESTIMATED MODEL

    Latent
   Classes

       1        252.31890          0.63397
       2        145.68110          0.36603


FINAL CLASS COUNTS AND PROPORTIONS FOR THE LATENT CLASSES
BASED ON ESTIMATED POSTERIOR PROBABILITIES

    Latent
   Classes

       1        252.11360          0.63345
       2        145.88640          0.36655


FINAL CLASS COUNTS AND PROPORTIONS FOR THE LATENT CLASSES
BASED ON THEIR MOST LIKELY LATENT CLASS MEMBERSHIP

Class Counts and Proportions

    Latent
   Classes

       1              269          0.67588
       2              129          0.32412


CLASSIFICATION QUALITY

     Entropy                         0.691


Average Latent Class Probabilities for Most Likely Latent Class Membership (Row)
by Latent Class (Column)

           1        2

    1   0.911    0.089
    2   0.055    0.945


Classification Probabilities for the Most Likely Latent Class Membership (Column)
by Latent Class (Row)

           1        2

    1   0.972    0.028
    2   0.164    0.836


Logits for the Classification Probabilities for the Most Likely Latent Class Membership (Column)
by Latent Class (Row)

              1        2

    1      3.546    0.000
    2     -1.627    0.000


MODEL RESULTS

                                                    Two-Tailed
                    Estimate       S.E.  Est./S.E.    P-Value

Latent Class 1

 I          ON
    BPAGEC             0.050      0.437      0.114      0.910
    EDUC               0.152      0.117      1.307      0.191
    YTDEADC           -3.525      1.717     -2.053      0.040
    FEMALE             0.103      0.330      0.312      0.755
    DEMEVER           -4.711      0.915     -5.148      0.000
    SESGRP            -0.012      0.351     -0.035      0.972

 S          ON
    BPAGEC             0.137      0.218      0.630      0.529
    EDUC              -0.022      0.061     -0.362      0.718
    YTDEADC           -0.015      0.067     -0.224      0.822
    FEMALE            -0.322      0.193     -1.667      0.096
    DEMEVER           -0.098      0.804     -0.121      0.903
    SESGRP            -0.127      0.211     -0.603      0.546

 S        WITH
    I                  0.165      0.238      0.691      0.490

 EDUC     WITH
    BPAGEC            -0.070      0.055     -1.265      0.206

 YTDEADC  WITH
    BPAGEC             0.000      0.039      0.005      0.996
    EDUC              -0.274      0.158     -1.732      0.083

 Means
    BPAGEC             0.462      0.025     18.627      0.000
    EDUC               2.860      0.170     16.862      0.000
    YTDEADC            3.241      0.084     38.407      0.000

 Intercepts
    Y1                 0.000      0.000    999.000    999.000
    Y2                 0.000      0.000    999.000    999.000
    Y3                 0.000      0.000    999.000    999.000
    I                 41.335      6.891      5.999      0.000
    S                  3.803      1.743      2.182      0.029

 Variances
    BPAGEC             0.180      0.017     10.577      0.000
    EDUC               3.433      0.207     16.595      0.000
    YTDEADC            2.489      0.293      8.482      0.000

 Residual Variances
    Y1                 2.036      0.379      5.376      0.000
    Y2                 2.036      0.379      5.376      0.000
    Y3                 2.036      0.379      5.376      0.000
    I                  0.930      0.662      1.406      0.160
    S                  0.204      0.177      1.149      0.251

Latent Class 2

 I          ON
    BPAGEC            -0.859      1.819     -0.472      0.637
    EDUC              -0.561      0.667     -0.841      0.400
    YTDEADC            9.549      1.521      6.276      0.000
    FEMALE            -0.382      1.748     -0.218      0.827
    DEMEVER           -6.383      1.837     -3.475      0.001
    SESGRP             2.787      1.646      1.693      0.091

 S          ON
    BPAGEC             0.727      0.866      0.839      0.402
    EDUC              -0.370      0.264     -1.402      0.161
    YTDEADC           -0.599      0.290     -2.068      0.039
    FEMALE             0.804      0.870      0.924      0.355
    DEMEVER           -1.715      0.888     -1.930      0.054
    SESGRP             0.334      0.752      0.444      0.657

 S        WITH
    I                  0.165      0.238      0.691      0.490

 EDUC     WITH
    BPAGEC            -0.070      0.055     -1.265      0.206

 YTDEADC  WITH
    BPAGEC             0.000      0.039      0.005      0.996
    EDUC              -0.274      0.158     -1.732      0.083

 Means
    BPAGEC             0.462      0.025     18.627      0.000
    EDUC               2.860      0.170     16.862      0.000
    YTDEADC            3.241      0.084     38.407      0.000

 Intercepts
    Y1                 0.000      0.000    999.000    999.000
    Y2                 0.000      0.000    999.000    999.000
    Y3                 0.000      0.000    999.000    999.000
    I                -16.547      6.873     -2.408      0.016
    S                 -8.479      2.097     -4.043      0.000

 Variances
    BPAGEC             0.180      0.017     10.577      0.000
    EDUC               3.433      0.207     16.595      0.000
    YTDEADC            2.489      0.293      8.482      0.000

 Residual Variances
    Y1                37.902      5.831      6.501      0.000
    Y2                37.902      5.831      6.501      0.000
    Y3                37.902      5.831      6.501      0.000
    I                  0.930      0.662      1.406      0.160
    S                  0.204      0.177      1.149      0.251

Categorical Latent Variables

 C#1        ON
    BPAGEC            -0.206      0.430     -0.478      0.633
    EDUC              -0.014      0.094     -0.146      0.884
    YTDEADC           -0.032      0.106     -0.299      0.765
    FEMALE            -0.304      0.307     -0.990      0.322
    DEMEVER           -2.109      0.587     -3.596      0.000
    SESGRP             0.234      0.362      0.645      0.519

 Intercepts
    C#1                1.122      0.512      2.189      0.029


LOGISTIC REGRESSION ODDS RATIO RESULTS

Categorical Latent Variables

 C#1      ON
    BPAGEC             0.814
    EDUC               0.986
    YTDEADC            0.969
    FEMALE             0.738
    DEMEVER            0.121
    SESGRP             1.263


QUALITY OF NUMERICAL RESULTS

     Condition Number for the Information Matrix              0.691E-05
       (ratio of smallest to largest eigenvalue)


TECHNICAL 1 OUTPUT


     PARAMETER SPECIFICATION FOR LATENT CLASS 1


           NU
              Y1            Y2            Y3            BPAGEC        EDUC
              ________      ________      ________      ________      ________
 1                  0             0             0             0             0


           NU
              YTDEADC       FEMALE        SESGRP        DEMEVER
              ________      ________      ________      ________
 1                  0             0             0             0


           LAMBDA
              I             S             BPAGEC        EDUC          YTDEADC
              ________      ________      ________      ________      ________
 Y1                 0             0             0             0             0
 Y2                 0             0             0             0             0
 Y3                 0             0             0             0             0
 BPAGEC             0             0             0             0             0
 EDUC               0             0             0             0             0
 YTDEADC            0             0             0             0             0
 FEMALE             0             0             0             0             0
 SESGRP             0             0             0             0             0
 DEMEVER            0             0             0             0             0


           LAMBDA
              FEMALE        SESGRP        DEMEVER
              ________      ________      ________
 Y1                 0             0             0
 Y2                 0             0             0
 Y3                 0             0             0
 BPAGEC             0             0             0
 EDUC               0             0             0
 YTDEADC            0             0             0
 FEMALE             0             0             0
 SESGRP             0             0             0
 DEMEVER            0             0             0


           THETA
              Y1            Y2            Y3            BPAGEC        EDUC
              ________      ________      ________      ________      ________
 Y1                 1
 Y2                 0             1
 Y3                 0             0             1
 BPAGEC             0             0             0             0
 EDUC               0             0             0             0             0
 YTDEADC            0             0             0             0             0
 FEMALE             0             0             0             0             0
 SESGRP             0             0             0             0             0
 DEMEVER            0             0             0             0             0


           THETA
              YTDEADC       FEMALE        SESGRP        DEMEVER
              ________      ________      ________      ________
 YTDEADC            0
 FEMALE             0             0
 SESGRP             0             0             0
 DEMEVER            0             0             0             0


           ALPHA
              I             S             BPAGEC        EDUC          YTDEADC
              ________      ________      ________      ________      ________
 1                  2             3             4             5             6


           ALPHA
              FEMALE        SESGRP        DEMEVER
              ________      ________      ________
 1                  0             0             0


           BETA
              I             S             BPAGEC        EDUC          YTDEADC
              ________      ________      ________      ________      ________
 I                  0             0             7             8             9
 S                  0             0            13            14            15
 BPAGEC             0             0             0             0             0
 EDUC               0             0             0             0             0
 YTDEADC            0             0             0             0             0
 FEMALE             0             0             0             0             0
 SESGRP             0             0             0             0             0
 DEMEVER            0             0             0             0             0


           BETA
              FEMALE        SESGRP        DEMEVER
              ________      ________      ________
 I                 10            11            12
 S                 16            17            18
 BPAGEC             0             0             0
 EDUC               0             0             0
 YTDEADC            0             0             0
 FEMALE             0             0             0
 SESGRP             0             0             0
 DEMEVER            0             0             0


           PSI
              I             S             BPAGEC        EDUC          YTDEADC
              ________      ________      ________      ________      ________
 I                 19
 S                 20            21
 BPAGEC             0             0            22
 EDUC               0             0            23            24
 YTDEADC            0             0            25            26            27
 FEMALE             0             0             0             0             0
 SESGRP             0             0             0             0             0
 DEMEVER            0             0             0             0             0


           PSI
              FEMALE        SESGRP        DEMEVER
              ________      ________      ________
 FEMALE             0
 SESGRP             0             0
 DEMEVER            0             0             0


     PARAMETER SPECIFICATION FOR LATENT CLASS 2


           NU
              Y1            Y2            Y3            BPAGEC        EDUC
              ________      ________      ________      ________      ________
 1                  0             0             0             0             0


           NU
              YTDEADC       FEMALE        SESGRP        DEMEVER
              ________      ________      ________      ________
 1                  0             0             0             0


           LAMBDA
              I             S             BPAGEC        EDUC          YTDEADC
              ________      ________      ________      ________      ________
 Y1                 0             0             0             0             0
 Y2                 0             0             0             0             0
 Y3                 0             0             0             0             0
 BPAGEC             0             0             0             0             0
 EDUC               0             0             0             0             0
 YTDEADC            0             0             0             0             0
 FEMALE             0             0             0             0             0
 SESGRP             0             0             0             0             0
 DEMEVER            0             0             0             0             0


           LAMBDA
              FEMALE        SESGRP        DEMEVER
              ________      ________      ________
 Y1                 0             0             0
 Y2                 0             0             0
 Y3                 0             0             0
 BPAGEC             0             0             0
 EDUC               0             0             0
 YTDEADC            0             0             0
 FEMALE             0             0             0
 SESGRP             0             0             0
 DEMEVER            0             0             0


           THETA
              Y1            Y2            Y3            BPAGEC        EDUC
              ________      ________      ________      ________      ________
 Y1                28
 Y2                 0            28
 Y3                 0             0            28
 BPAGEC             0             0             0             0
 EDUC               0             0             0             0             0
 YTDEADC            0             0             0             0             0
 FEMALE             0             0             0             0             0
 SESGRP             0             0             0             0             0
 DEMEVER            0             0             0             0             0


           THETA
              YTDEADC       FEMALE        SESGRP        DEMEVER
              ________      ________      ________      ________
 YTDEADC            0
 FEMALE             0             0
 SESGRP             0             0             0
 DEMEVER            0             0             0             0


           ALPHA
              I             S             BPAGEC        EDUC          YTDEADC
              ________      ________      ________      ________      ________
 1                 29            30             4             5             6


           ALPHA
              FEMALE        SESGRP        DEMEVER
              ________      ________      ________
 1                  0             0             0


           BETA
              I             S             BPAGEC        EDUC          YTDEADC
              ________      ________      ________      ________      ________
 I                  0             0            31            32            33
 S                  0             0            37            38            39
 BPAGEC             0             0             0             0             0
 EDUC               0             0             0             0             0
 YTDEADC            0             0             0             0             0
 FEMALE             0             0             0             0             0
 SESGRP             0             0             0             0             0
 DEMEVER            0             0             0             0             0


           BETA
              FEMALE        SESGRP        DEMEVER
              ________      ________      ________
 I                 34            35            36
 S                 40            41            42
 BPAGEC             0             0             0
 EDUC               0             0             0
 YTDEADC            0             0             0
 FEMALE             0             0             0
 SESGRP             0             0             0
 DEMEVER            0             0             0


           PSI
              I             S             BPAGEC        EDUC          YTDEADC
              ________      ________      ________      ________      ________
 I                 19
 S                 20            21
 BPAGEC             0             0            22
 EDUC               0             0            23            24
 YTDEADC            0             0            25            26            27
 FEMALE             0             0             0             0             0
 SESGRP             0             0             0             0             0
 DEMEVER            0             0             0             0             0


           PSI
              FEMALE        SESGRP        DEMEVER
              ________      ________      ________
 FEMALE             0
 SESGRP             0             0
 DEMEVER            0             0             0


     PARAMETER SPECIFICATION FOR LATENT CLASS REGRESSION MODEL PART


           ALPHA(C)
              C#1           C#2
              ________      ________
 1                 43             0


           GAMMA(C)
              I             S             BPAGEC        EDUC          YTDEADC
              ________      ________      ________      ________      ________
 C#1                0             0            44            45            46
 C#2                0             0             0             0             0


           GAMMA(C)
              FEMALE        SESGRP        DEMEVER
              ________      ________      ________
 C#1               47            48            49
 C#2                0             0             0


     STARTING VALUES FOR LATENT CLASS 1


           NU
              Y1            Y2            Y3            BPAGEC        EDUC
              ________      ________      ________      ________      ________
 1              0.000         0.000         0.000         0.000         0.000


           NU
              YTDEADC       FEMALE        SESGRP        DEMEVER
              ________      ________      ________      ________
 1              0.000         0.000         0.000         0.000


           LAMBDA
              I             S             BPAGEC        EDUC          YTDEADC
              ________      ________      ________      ________      ________
 Y1             0.000         0.000         0.000         0.000         0.000
 Y2             0.000         0.000         0.000         0.000         0.000
 Y3             0.000         0.000         0.000         0.000         0.000
 BPAGEC         0.000         0.000         1.000         0.000         0.000
 EDUC           0.000         0.000         0.000         1.000         0.000
 YTDEADC        0.000         0.000         0.000         0.000         1.000
 FEMALE         0.000         0.000         0.000         0.000         0.000
 SESGRP         0.000         0.000         0.000         0.000         0.000
 DEMEVER        0.000         0.000         0.000         0.000         0.000


           LAMBDA
              FEMALE        SESGRP        DEMEVER
              ________      ________      ________
 Y1             0.000         0.000         0.000
 Y2             0.000         0.000         0.000
 Y3             0.000         0.000         0.000
 BPAGEC         0.000         0.000         0.000
 EDUC           0.000         0.000         0.000
 YTDEADC        0.000         0.000         0.000
 FEMALE         1.000         0.000         0.000
 SESGRP         0.000         1.000         0.000
 DEMEVER        0.000         0.000         1.000


           THETA
              Y1            Y2            Y3            BPAGEC        EDUC
              ________      ________      ________      ________      ________
 Y1            17.182
 Y2             0.000        23.281
 Y3             0.000         0.000        30.925
 BPAGEC         0.000         0.000         0.000         0.000
 EDUC           0.000         0.000         0.000         0.000         0.000
 YTDEADC        0.000         0.000         0.000         0.000         0.000
 FEMALE         0.000         0.000         0.000         0.000         0.000
 SESGRP         0.000         0.000         0.000         0.000         0.000
 DEMEVER        0.000         0.000         0.000         0.000         0.000


           THETA
              YTDEADC       FEMALE        SESGRP        DEMEVER
              ________      ________      ________      ________
 YTDEADC        0.000
 FEMALE         0.000         0.000
 SESGRP         0.000         0.000         0.000
 DEMEVER        0.000         0.000         0.000         0.000


           ALPHA
              I             S             BPAGEC        EDUC          YTDEADC
              ________      ________      ________      ________      ________
 1              0.000         0.000         0.461         2.858         3.241


           ALPHA
              FEMALE        SESGRP        DEMEVER
              ________      ________      ________
 1              0.000         0.000         0.000


           BETA
              I             S             BPAGEC        EDUC          YTDEADC
              ________      ________      ________      ________      ________
 I              0.000         0.000         0.000         0.000         0.000
 S              0.000         0.000         0.000         0.000         0.000
 BPAGEC         0.000         0.000         0.000         0.000         0.000
 EDUC           0.000         0.000         0.000         0.000         0.000
 YTDEADC        0.000         0.000         0.000         0.000         0.000
 FEMALE         0.000         0.000         0.000         0.000         0.000
 SESGRP         0.000         0.000         0.000         0.000         0.000
 DEMEVER        0.000         0.000         0.000         0.000         0.000


           BETA
              FEMALE        SESGRP        DEMEVER
              ________      ________      ________
 I              0.000         0.000         0.000
 S              0.000         0.000         0.000
 BPAGEC         0.000         0.000         0.000
 EDUC           0.000         0.000         0.000
 YTDEADC        0.000         0.000         0.000
 FEMALE         0.000         0.000         0.000
 SESGRP         0.000         0.000         0.000
 DEMEVER        0.000         0.000         0.000


           PSI
              I             S             BPAGEC        EDUC          YTDEADC
              ________      ________      ________      ________      ________
 I              1.000
 S              0.000         1.000
 BPAGEC         0.000         0.000         0.090
 EDUC           0.000         0.000         0.000         1.719
 YTDEADC        0.000         0.000         0.000         0.000         1.245
 FEMALE         0.000         0.000         0.000         0.000         0.000
 SESGRP         0.000         0.000         0.000         0.000         0.000
 DEMEVER        0.000         0.000         0.000         0.000         0.000


           PSI
              FEMALE        SESGRP        DEMEVER
              ________      ________      ________
 FEMALE         0.124
 SESGRP         0.000         0.122
 DEMEVER        0.000         0.000         0.054


     STARTING VALUES FOR LATENT CLASS 2


           NU
              Y1            Y2            Y3            BPAGEC        EDUC
              ________      ________      ________      ________      ________
 1              0.000         0.000         0.000         0.000         0.000


           NU
              YTDEADC       FEMALE        SESGRP        DEMEVER
              ________      ________      ________      ________
 1              0.000         0.000         0.000         0.000


           LAMBDA
              I             S             BPAGEC        EDUC          YTDEADC
              ________      ________      ________      ________      ________
 Y1             0.000         0.000         0.000         0.000         0.000
 Y2             0.000         0.000         0.000         0.000         0.000
 Y3             0.000         0.000         0.000         0.000         0.000
 BPAGEC         0.000         0.000         1.000         0.000         0.000
 EDUC           0.000         0.000         0.000         1.000         0.000
 YTDEADC        0.000         0.000         0.000         0.000         1.000
 FEMALE         0.000         0.000         0.000         0.000         0.000
 SESGRP         0.000         0.000         0.000         0.000         0.000
 DEMEVER        0.000         0.000         0.000         0.000         0.000


           LAMBDA
              FEMALE        SESGRP        DEMEVER
              ________      ________      ________
 Y1             0.000         0.000         0.000
 Y2             0.000         0.000         0.000
 Y3             0.000         0.000         0.000
 BPAGEC         0.000         0.000         0.000
 EDUC           0.000         0.000         0.000
 YTDEADC        0.000         0.000         0.000
 FEMALE         1.000         0.000         0.000
 SESGRP         0.000         1.000         0.000
 DEMEVER        0.000         0.000         1.000


           THETA
              Y1            Y2            Y3            BPAGEC        EDUC
              ________      ________      ________      ________      ________
 Y1            17.182
 Y2             0.000        23.281
 Y3             0.000         0.000        30.925
 BPAGEC         0.000         0.000         0.000         0.000
 EDUC           0.000         0.000         0.000         0.000         0.000
 YTDEADC        0.000         0.000         0.000         0.000         0.000
 FEMALE         0.000         0.000         0.000         0.000         0.000
 SESGRP         0.000         0.000         0.000         0.000         0.000
 DEMEVER        0.000         0.000         0.000         0.000         0.000


           THETA
              YTDEADC       FEMALE        SESGRP        DEMEVER
              ________      ________      ________      ________
 YTDEADC        0.000
 FEMALE         0.000         0.000
 SESGRP         0.000         0.000         0.000
 DEMEVER        0.000         0.000         0.000         0.000


           ALPHA
              I             S             BPAGEC        EDUC          YTDEADC
              ________      ________      ________      ________      ________
 1              0.000         0.000         0.461         2.858         3.241


           ALPHA
              FEMALE        SESGRP        DEMEVER
              ________      ________      ________
 1              0.000         0.000         0.000


           BETA
              I             S             BPAGEC        EDUC          YTDEADC
              ________      ________      ________      ________      ________
 I              0.000         0.000         0.000         0.000         0.000
 S              0.000         0.000         0.000         0.000         0.000
 BPAGEC         0.000         0.000         0.000         0.000         0.000
 EDUC           0.000         0.000         0.000         0.000         0.000
 YTDEADC        0.000         0.000         0.000         0.000         0.000
 FEMALE         0.000         0.000         0.000         0.000         0.000
 SESGRP         0.000         0.000         0.000         0.000         0.000
 DEMEVER        0.000         0.000         0.000         0.000         0.000


           BETA
              FEMALE        SESGRP        DEMEVER
              ________      ________      ________
 I              0.000         0.000         0.000
 S              0.000         0.000         0.000
 BPAGEC         0.000         0.000         0.000
 EDUC           0.000         0.000         0.000
 YTDEADC        0.000         0.000         0.000
 FEMALE         0.000         0.000         0.000
 SESGRP         0.000         0.000         0.000
 DEMEVER        0.000         0.000         0.000


           PSI
              I             S             BPAGEC        EDUC          YTDEADC
              ________      ________      ________      ________      ________
 I              1.000
 S              0.000         1.000
 BPAGEC         0.000         0.000         0.090
 EDUC           0.000         0.000         0.000         1.719
 YTDEADC        0.000         0.000         0.000         0.000         1.245
 FEMALE         0.000         0.000         0.000         0.000         0.000
 SESGRP         0.000         0.000         0.000         0.000         0.000
 DEMEVER        0.000         0.000         0.000         0.000         0.000


           PSI
              FEMALE        SESGRP        DEMEVER
              ________      ________      ________
 FEMALE         0.124
 SESGRP         0.000         0.122
 DEMEVER        0.000         0.000         0.054


     STARTING VALUES FOR LATENT CLASS REGRESSION MODEL PART


           ALPHA(C)
              C#1           C#2
              ________      ________
 1              0.000         0.000


           GAMMA(C)
              I             S             BPAGEC        EDUC          YTDEADC
              ________      ________      ________      ________      ________
 C#1            0.000         0.000         0.000         0.000         0.000
 C#2            0.000         0.000         0.000         0.000         0.000


           GAMMA(C)
              FEMALE        SESGRP        DEMEVER
              ________      ________      ________
 C#1            0.000         0.000         0.000
 C#2            0.000         0.000         0.000


SAMPLE STATISTICS FOR ESTIMATED FACTOR SCORES


     SAMPLE STATISTICS


           Means
              I             S             C_I           C_S
              ________      ________      ________      ________
 1             23.741        -1.796        24.395        -1.191


           Covariances
              I             S             C_I           C_S
              ________      ________      ________      ________
 I            149.429
 S             46.317        36.871
 C_I          157.102        49.556       173.510
 C_S           49.545        40.555        55.036        47.240


           Correlations
              I             S             C_I           C_S
              ________      ________      ________      ________
 I              1.000
 S              0.624         1.000
 C_I            0.976         0.620         1.000
 C_S            0.590         0.972         0.608         1.000


PLOT INFORMATION

The following plots are available:

  Histograms (sample values, estimated factor scores)
  Scatterplots (sample values, estimated factor scores)
  Latent variable distribution plots

SAVEDATA INFORMATION


  Save file
    newcastle-mmse-results.txt

  Order and format of variables

    Y1             F10.3
    Y2             F10.3
    Y3             F10.3
    BPAGEC         F10.3
    EDUC           F10.3
    YTDEADC        F10.3
    FEMALE         F10.3
    SESGRP         F10.3
    DEMEVER        F10.3
    DTIMEC1        F10.3
    DTIMEC2        F10.3
    DTIMEC3        F10.3
    I              F10.3
    S              F10.3
    C_I            F10.3
    C_S            F10.3
    CPROB1         F10.3
    CPROB2         F10.3
    C              F10.3

  Save file format
    19F10.3

  Save file record length    10000


DIAGRAM INFORMATION

  Mplus diagrams are currently not available for Mixture analysis.
  No diagram output was produced.


     Beginning Time:  10:05:57
        Ending Time:  10:32:01
       Elapsed Time:  00:26:04



MUTHEN & MUTHEN
3463 Stoner Ave.
Los Angeles, CA  90066

Tel: (310) 391-9971
Fax: (310) 391-8971
Web: www.StatModel.com
Support: Support@StatModel.com

Copyright (c) 1998-2014 Muthen & Muthen
