Mplus VERSION 7.3
MUTHEN & MUTHEN
12/30/2016   2:09 PM

INPUT INSTRUCTIONS

  ! this estimation script used the data prepared by
  ! ./manipulaton/0-ellis-island-newcastle.R

  TITLE:	Newcastle analysis 2 classes;
  DATA:  FILE IS newcastle_terminal_decline.dat;

  VARIABLE: Names are
  	id
  	female
  	Demever
  	SESgrp
  	yrsedu
  	ytdead
  	bage
  	ttd1
  	ttd2
  	ttd3
  	mmse1
  	mmse2
  	mmse3
  ;

  MISSING is all (-9999);

  USEVARIABLES ARE
  ! variables used as is
  	female SESgrp Demever
  ! variables transformed in the DEFINE statement	
  	BPagec
  	educ
  	ytdeadc
  	dtimec1-dtimec3 		
  	y1-y3  ;

  TSCORES=dtimec1 dtimec2 dtimec3 ;

  CLASSES=c(2);
  DEFINE:
  	BPagec  = bage   - 85;
  	educ    = yrsedu - 7;
  	ytdeadc = ytdead + 6;
  	dtimec1 = ttd1   + 2;
  	dtimec2 = ttd2   + 2;
  	dtimec3 = ttd3   + 2;
  	y1      = mmse1;
  	y2      = mmse2;
  	y3      = mmse3;

  ANALYSIS:
  	type           = mixture random ;
  	estimator      = MLF;
  	Algorithm      = integration;
  	integration    = montecarlo;
  	Mconvergence   = 0.09;
  	MIterations    = 100;
  	coverage       = 0.03;
  	starts         = 500 30;
  	!Integration     = 300; # used in OCTO
  	LOGCRITERION   = 0.09;

  MODEL: %OVERALL%

  	I S |  y1-y3  AT dtimec1-dtimec3;
  	I S ON BPagec educ ytdeadc female  Demever SESgrp;
  	c   ON BPagec educ ytdeadc female  Demever SESgrp;
  		educ;
  		BPagec;
  		ytdeadc;
  		
      %c#1%
      I S ON BPagec educ ytdeadc female  Demever SESgrp;
  		y1(1);
  		y2(1);
  		y3(1);

      %c#2%
      I S ON BPagec educ ytdeadc female  Demever SESgrp;
  		y1(2);
  		y2(2);
  		y3(2);

  OUTPUT: sampstat tech1 ;
  PLOT: Type is Plot1 Plot2 Plot3;
  SAVEDATA: FILE IS "newcastle-mmse-k-2.txt";
  SAVE=CPROBABILITIES; SAVE=FSCORES;



*** WARNING
  Data set contains cases with missing on x-variables.
  These cases were not included in the analysis.
  Number of cases with missing on x-variables:  32
   1 WARNING(S) FOUND IN THE INPUT INSTRUCTIONS



Newcastle analysis 2 classes;

SUMMARY OF ANALYSIS

Number of groups                                                 1
Number of observations                                         398

Number of dependent variables                                    3
Number of independent variables                                  6
Number of continuous latent variables                            2
Number of categorical latent variables                           1

Observed dependent variables

  Continuous
   Y1          Y2          Y3

Observed independent variables
   FEMALE      SESGRP      DEMEVER     BPAGEC      EDUC        YTDEADC

Continuous latent variables
   I           S

Categorical latent variables
   C

Variables with special functions

  Time scores
   DTIMEC1     DTIMEC2     DTIMEC3


Estimator                                                      MLF
Information matrix                                        OBSERVED
Optimization Specifications for the Quasi-Newton Algorithm for
Continuous Outcomes
  Maximum number of iterations                                 100
  Convergence criterion                                  0.100D-05
Optimization Specifications for the EM Algorithm
  Maximum number of iterations                                 100
  Convergence criteria
    Loglikelihood change                                 0.900D-01
    Relative loglikelihood change                        0.100D-05
    Derivative                                           0.900D-01
Optimization Specifications for the M step of the EM Algorithm for
Categorical Latent variables
  Number of M step iterations                                    1
  M step convergence criterion                           0.100D-02
  Basis for M step termination                           ITERATION
Optimization Specifications for the M step of the EM Algorithm for
Censored, Binary or Ordered Categorical (Ordinal), Unordered
Categorical (Nominal) and Count Outcomes
  Number of M step iterations                                    1
  M step convergence criterion                           0.100D-02
  Basis for M step termination                           ITERATION
  Maximum value for logit thresholds                            15
  Minimum value for logit thresholds                           -15
  Minimum expected cell size for chi-square              0.100D-01
Maximum number of iterations for H1                           2000
Convergence criterion for H1                             0.100D-03
Optimization algorithm                                         EMA
Integration Specifications
  Type                                                  MONTECARLO
  Number of integration points                                 150
  Dimensions of numerical integration                            3
  Adaptive quadrature                                           ON
  Monte Carlo integration seed                                   0
Random Starts Specifications
  Number of initial stage random starts                        500
  Number of final stage optimizations                           30
  Number of initial stage iterations                            10
  Initial stage convergence criterion                    0.100D+01
  Random starts scale                                    0.500D+01
  Random seed for generating random starts                       0
Cholesky                                                       OFF

Input data file(s)
  newcastle_terminal_decline.dat
Input data format  FREE


SUMMARY OF DATA

     Number of missing data patterns            10
     Number of y missing data patterns          10
     Number of u missing data patterns           0


COVARIANCE COVERAGE OF DATA

Minimum covariance coverage value   0.030


     PROPORTION OF DATA PRESENT FOR Y


           Covariance Coverage
              Y1            Y2            Y3            BPAGEC        EDUC
              ________      ________      ________      ________      ________
 Y1             0.990
 Y2             0.319         0.319
 Y3             0.050         0.045         0.050
 BPAGEC         0.892         0.312         0.048         0.892
 EDUC           0.982         0.319         0.050         0.884         0.992
 YTDEADC        0.990         0.319         0.050         0.892         0.992
 FEMALE         0.990         0.319         0.050         0.892         0.992
 SESGRP         0.990         0.319         0.050         0.892         0.992
 DEMEVER        0.990         0.319         0.050         0.892         0.992


           Covariance Coverage
              YTDEADC       FEMALE        SESGRP        DEMEVER
              ________      ________      ________      ________
 YTDEADC        1.000
 FEMALE         1.000         1.000
 SESGRP         1.000         1.000         1.000
 DEMEVER        1.000         1.000         1.000         1.000


SAMPLE STATISTICS

     NO CONVERGENCE IN THE MISSING DATA ESTIMATION OF THE SAMPLE STATISTICS.


UNIVARIATE HIGHER-ORDER MOMENT DESCRIPTIVE STATISTICS


     UNIVARIATE HIGHER-ORDER MOMENT DESCRIPTIVE STATISTICS

         Variable/         Mean/     Skewness/   Minimum/ % with                Percentiles
        Sample Size      Variance    Kurtosis    Maximum  Min/Max      20%/60%    40%/80%    Median

     Y1                   24.873      -1.943       0.000    0.76%      22.000     26.000     27.000
             394.000      34.365       3.946      30.000   13.20%      28.000     29.000
     Y2                   23.362      -1.365       2.000    0.79%      18.000     24.000     26.000
             127.000      46.562       1.057      30.000   10.24%      27.000     29.000
     Y3                   22.500      -1.425       1.000    5.00%      17.000     23.000     26.500
              20.000      61.850       1.033      30.000    5.00%      27.000     28.000
     BPAGEC                0.461       0.230      -0.533    0.28%       0.077      0.337      0.436
             355.000       0.180      -0.435       1.553    0.28%       0.532      0.833
     EDUC                  2.858       2.471      -1.000    0.51%       2.000      2.000      2.000
             395.000       3.438       7.456      13.000    0.25%       2.000      4.000
     YTDEADC               3.241      -0.108      -0.019    0.25%       1.596      2.765      3.293
             398.000       2.489      -1.124       5.892    0.25%       3.753      4.890
     FEMALE                0.545      -0.182       0.000   45.48%       0.000      0.000      1.000
             398.000       0.248      -1.967       1.000   54.52%       1.000      1.000
     SESGRP                0.422       0.315       0.000   57.79%       0.000      0.000      0.000
             398.000       0.244      -1.901       1.000   42.21%       1.000      1.000
     DEMEVER               0.123       2.294       0.000   87.69%       0.000      0.000      0.000
             398.000       0.108       3.263       1.000   12.31%       0.000      0.000

RANDOM STARTS RESULTS RANKED FROM THE BEST TO THE WORST LOGLIKELIHOOD VALUES

92 perturbed starting value run(s) did not converge in the initial stage
optimizations.

Final stage loglikelihood values at local maxima, seeds, and initial stage start numbers:

           -3188.910  562716           300
           -3189.419  783165           170
           -3190.041  879211           453
           -3190.629  340112           126
           -3191.902  165853           105
           -3192.922  321390           133
           -3193.301  787985           482
           -3194.016  992389           77
           -3194.439  636396           168
           -3194.537  802682           419
           -3194.784  618000           190
           -3194.809  573096           20
           -3195.078  464179           106
           -3195.962  383986           159
           -3197.310  887580           493
           -3199.866  900268           327
           -3203.203  840031           276
           -3206.462  871722           355
           -3218.569  972873           157
           -3222.464  281462           285
           -3228.813  399508           415
           -3236.619  57226            208
           -3237.651  751054           117
           -3247.143  879338           309
           -3261.092  701525           239
           -3274.463  732596           320
           -3281.742  570782           193
           -3288.917  788796           145

2 perturbed starting value run(s) did not converge.



THE BEST LOGLIKELIHOOD VALUE HAS BEEN REPLICATED.  RERUN WITH AT LEAST TWICE THE
RANDOM STARTS TO CHECK THAT THE BEST LOGLIKELIHOOD IS STILL OBTAINED AND REPLICATED.


THE MODEL ESTIMATION TERMINATED NORMALLY

     THE MISSING DATA EM ALGORITHM USED TO COMPUTE SAMPLE STATISTICS HAS NOT
     CONVERGED WITH RESPECT TO THE PARAMETER ESTIMATES.  THIS MAY BE DUE TO
     SPARSE DATA LEADING TO A SINGULAR COVARIANCE MATRIX ESTIMATE.  INCREASE
     THE NUMBER OF EM ITERATIONS.



MODEL FIT INFORMATION

Number of Free Parameters                       49

Loglikelihood

          H0 Value                       -3188.910

Information Criteria

          Akaike (AIC)                    6475.820
          Bayesian (BIC)                  6671.156
          Sample-Size Adjusted BIC        6515.677
            (n* = (n + 2) / 24)



FINAL CLASS COUNTS AND PROPORTIONS FOR THE LATENT CLASSES
BASED ON THE ESTIMATED MODEL

    Latent
   Classes

       1        283.29904          0.71181
       2        114.70096          0.28819


FINAL CLASS COUNTS AND PROPORTIONS FOR THE LATENT CLASSES
BASED ON ESTIMATED POSTERIOR PROBABILITIES

    Latent
   Classes

       1        283.07482          0.71124
       2        114.92518          0.28876


FINAL CLASS COUNTS AND PROPORTIONS FOR THE LATENT CLASSES
BASED ON THEIR MOST LIKELY LATENT CLASS MEMBERSHIP

Class Counts and Proportions

    Latent
   Classes

       1              291          0.73116
       2              107          0.26884


CLASSIFICATION QUALITY

     Entropy                         0.770


Average Latent Class Probabilities for Most Likely Latent Class Membership (Row)
by Latent Class (Column)

           1        2

    1   0.946    0.054
    2   0.072    0.928


Classification Probabilities for the Most Likely Latent Class Membership (Column)
by Latent Class (Row)

           1        2

    1   0.973    0.027
    2   0.136    0.864


Logits for the Classification Probabilities for the Most Likely Latent Class Membership (Column)
by Latent Class (Row)

              1        2

    1      3.570    0.000
    2     -1.845    0.000


MODEL RESULTS

                                                    Two-Tailed
                    Estimate       S.E.  Est./S.E.    P-Value

Latent Class 1

 I          ON
    BPAGEC            -0.279      0.448     -0.623      0.533
    EDUC               0.274      0.130      2.101      0.036
    YTDEADC            0.416      0.137      3.041      0.002
    FEMALE            -0.010      0.355     -0.029      0.977
    DEMEVER           -3.642      0.799     -4.559      0.000
    SESGRP            -0.334      0.387     -0.862      0.389

 S          ON
    BPAGEC             0.091      0.243      0.374      0.709
    EDUC               0.067      0.074      0.903      0.367
    YTDEADC           -0.074      0.079     -0.939      0.348
    FEMALE            -0.212      0.206     -1.027      0.304
    DEMEVER           -0.181      0.444     -0.407      0.684
    SESGRP            -0.308      0.229     -1.345      0.179

 S        WITH
    I                  0.792      0.334      2.371      0.018

 EDUC     WITH
    BPAGEC            -0.069      0.056     -1.242      0.214

 YTDEADC  WITH
    BPAGEC             0.000      0.039     -0.004      0.997
    EDUC              -0.275      0.162     -1.698      0.090

 Means
    BPAGEC             0.463      0.025     18.643      0.000
    EDUC               2.859      0.165     17.300      0.000
    YTDEADC            3.241      0.086     37.510      0.000

 Intercepts
    Y1                 0.000      0.000    999.000    999.000
    Y2                 0.000      0.000    999.000    999.000
    Y3                 0.000      0.000    999.000    999.000
    I                 25.311      0.661     38.321      0.000
    S                 -0.538      0.347     -1.552      0.121

 Variances
    BPAGEC             0.180      0.017     10.488      0.000
    EDUC               3.434      0.208     16.475      0.000
    YTDEADC            2.489      0.307      8.107      0.000

 Residual Variances
    Y1                 1.472      0.381      3.865      0.000
    Y2                 1.472      0.381      3.865      0.000
    Y3                 1.472      0.381      3.865      0.000
    I                  3.699      0.802      4.614      0.000
    S                  0.322      0.227      1.417      0.156

Latent Class 2

 I          ON
    BPAGEC            -0.394      1.497     -0.263      0.792
    EDUC              -0.083      0.611     -0.137      0.891
    YTDEADC            2.512      0.663      3.791      0.000
    FEMALE            -2.529      1.371     -1.844      0.065
    DEMEVER           -6.367      1.799     -3.538      0.000
    SESGRP             1.774      1.384      1.282      0.200

 S          ON
    BPAGEC             0.658      0.946      0.695      0.487
    EDUC              -0.221      0.321     -0.688      0.492
    YTDEADC           -0.530      0.315     -1.685      0.092
    FEMALE            -0.088      1.037     -0.085      0.932
    DEMEVER           -1.619      0.983     -1.646      0.100
    SESGRP            -0.443      0.826     -0.537      0.592

 S        WITH
    I                  0.792      0.334      2.371      0.018

 EDUC     WITH
    BPAGEC            -0.069      0.056     -1.242      0.214

 YTDEADC  WITH
    BPAGEC             0.000      0.039     -0.004      0.997
    EDUC              -0.275      0.162     -1.698      0.090

 Means
    BPAGEC             0.463      0.025     18.643      0.000
    EDUC               2.859      0.165     17.300      0.000
    YTDEADC            3.241      0.086     37.510      0.000

 Intercepts
    Y1                 0.000      0.000    999.000    999.000
    Y2                 0.000      0.000    999.000    999.000
    Y3                 0.000      0.000    999.000    999.000
    I                 10.438      2.956      3.532      0.000
    S                 -2.659      1.765     -1.507      0.132

 Variances
    BPAGEC             0.180      0.017     10.488      0.000
    EDUC               3.434      0.208     16.475      0.000
    YTDEADC            2.489      0.307      8.107      0.000

 Residual Variances
    Y1                22.242      4.006      5.552      0.000
    Y2                22.242      4.006      5.552      0.000
    Y3                22.242      4.006      5.552      0.000
    I                  3.699      0.802      4.614      0.000
    S                  0.322      0.227      1.417      0.156

Categorical Latent Variables

 C#1        ON
    BPAGEC            -0.143      0.467     -0.306      0.759
    EDUC              -0.075      0.093     -0.814      0.415
    YTDEADC            0.116      0.122      0.949      0.343
    FEMALE            -0.116      0.335     -0.345      0.730
    DEMEVER           -2.219      0.505     -4.393      0.000
    SESGRP             0.574      0.396      1.448      0.148

 Intercepts
    C#1                0.979      0.538      1.819      0.069


LOGISTIC REGRESSION ODDS RATIO RESULTS

Categorical Latent Variables

 C#1      ON
    BPAGEC             0.867
    EDUC               0.927
    YTDEADC            1.123
    FEMALE             0.891
    DEMEVER            0.109
    SESGRP             1.776


QUALITY OF NUMERICAL RESULTS

     Condition Number for the Information Matrix              0.309E-04
       (ratio of smallest to largest eigenvalue)


TECHNICAL 1 OUTPUT


     PARAMETER SPECIFICATION FOR LATENT CLASS 1


           NU
              Y1            Y2            Y3            BPAGEC        EDUC
              ________      ________      ________      ________      ________
 1                  0             0             0             0             0


           NU
              YTDEADC       FEMALE        SESGRP        DEMEVER
              ________      ________      ________      ________
 1                  0             0             0             0


           LAMBDA
              I             S             BPAGEC        EDUC          YTDEADC
              ________      ________      ________      ________      ________
 Y1                 0             0             0             0             0
 Y2                 0             0             0             0             0
 Y3                 0             0             0             0             0
 BPAGEC             0             0             0             0             0
 EDUC               0             0             0             0             0
 YTDEADC            0             0             0             0             0
 FEMALE             0             0             0             0             0
 SESGRP             0             0             0             0             0
 DEMEVER            0             0             0             0             0


           LAMBDA
              FEMALE        SESGRP        DEMEVER
              ________      ________      ________
 Y1                 0             0             0
 Y2                 0             0             0
 Y3                 0             0             0
 BPAGEC             0             0             0
 EDUC               0             0             0
 YTDEADC            0             0             0
 FEMALE             0             0             0
 SESGRP             0             0             0
 DEMEVER            0             0             0


           THETA
              Y1            Y2            Y3            BPAGEC        EDUC
              ________      ________      ________      ________      ________
 Y1                 1
 Y2                 0             1
 Y3                 0             0             1
 BPAGEC             0             0             0             0
 EDUC               0             0             0             0             0
 YTDEADC            0             0             0             0             0
 FEMALE             0             0             0             0             0
 SESGRP             0             0             0             0             0
 DEMEVER            0             0             0             0             0


           THETA
              YTDEADC       FEMALE        SESGRP        DEMEVER
              ________      ________      ________      ________
 YTDEADC            0
 FEMALE             0             0
 SESGRP             0             0             0
 DEMEVER            0             0             0             0


           ALPHA
              I             S             BPAGEC        EDUC          YTDEADC
              ________      ________      ________      ________      ________
 1                  2             3             4             5             6


           ALPHA
              FEMALE        SESGRP        DEMEVER
              ________      ________      ________
 1                  0             0             0


           BETA
              I             S             BPAGEC        EDUC          YTDEADC
              ________      ________      ________      ________      ________
 I                  0             0             7             8             9
 S                  0             0            13            14            15
 BPAGEC             0             0             0             0             0
 EDUC               0             0             0             0             0
 YTDEADC            0             0             0             0             0
 FEMALE             0             0             0             0             0
 SESGRP             0             0             0             0             0
 DEMEVER            0             0             0             0             0


           BETA
              FEMALE        SESGRP        DEMEVER
              ________      ________      ________
 I                 10            11            12
 S                 16            17            18
 BPAGEC             0             0             0
 EDUC               0             0             0
 YTDEADC            0             0             0
 FEMALE             0             0             0
 SESGRP             0             0             0
 DEMEVER            0             0             0


           PSI
              I             S             BPAGEC        EDUC          YTDEADC
              ________      ________      ________      ________      ________
 I                 19
 S                 20            21
 BPAGEC             0             0            22
 EDUC               0             0            23            24
 YTDEADC            0             0            25            26            27
 FEMALE             0             0             0             0             0
 SESGRP             0             0             0             0             0
 DEMEVER            0             0             0             0             0


           PSI
              FEMALE        SESGRP        DEMEVER
              ________      ________      ________
 FEMALE             0
 SESGRP             0             0
 DEMEVER            0             0             0


     PARAMETER SPECIFICATION FOR LATENT CLASS 2


           NU
              Y1            Y2            Y3            BPAGEC        EDUC
              ________      ________      ________      ________      ________
 1                  0             0             0             0             0


           NU
              YTDEADC       FEMALE        SESGRP        DEMEVER
              ________      ________      ________      ________
 1                  0             0             0             0


           LAMBDA
              I             S             BPAGEC        EDUC          YTDEADC
              ________      ________      ________      ________      ________
 Y1                 0             0             0             0             0
 Y2                 0             0             0             0             0
 Y3                 0             0             0             0             0
 BPAGEC             0             0             0             0             0
 EDUC               0             0             0             0             0
 YTDEADC            0             0             0             0             0
 FEMALE             0             0             0             0             0
 SESGRP             0             0             0             0             0
 DEMEVER            0             0             0             0             0


           LAMBDA
              FEMALE        SESGRP        DEMEVER
              ________      ________      ________
 Y1                 0             0             0
 Y2                 0             0             0
 Y3                 0             0             0
 BPAGEC             0             0             0
 EDUC               0             0             0
 YTDEADC            0             0             0
 FEMALE             0             0             0
 SESGRP             0             0             0
 DEMEVER            0             0             0


           THETA
              Y1            Y2            Y3            BPAGEC        EDUC
              ________      ________      ________      ________      ________
 Y1                28
 Y2                 0            28
 Y3                 0             0            28
 BPAGEC             0             0             0             0
 EDUC               0             0             0             0             0
 YTDEADC            0             0             0             0             0
 FEMALE             0             0             0             0             0
 SESGRP             0             0             0             0             0
 DEMEVER            0             0             0             0             0


           THETA
              YTDEADC       FEMALE        SESGRP        DEMEVER
              ________      ________      ________      ________
 YTDEADC            0
 FEMALE             0             0
 SESGRP             0             0             0
 DEMEVER            0             0             0             0


           ALPHA
              I             S             BPAGEC        EDUC          YTDEADC
              ________      ________      ________      ________      ________
 1                 29            30             4             5             6


           ALPHA
              FEMALE        SESGRP        DEMEVER
              ________      ________      ________
 1                  0             0             0


           BETA
              I             S             BPAGEC        EDUC          YTDEADC
              ________      ________      ________      ________      ________
 I                  0             0            31            32            33
 S                  0             0            37            38            39
 BPAGEC             0             0             0             0             0
 EDUC               0             0             0             0             0
 YTDEADC            0             0             0             0             0
 FEMALE             0             0             0             0             0
 SESGRP             0             0             0             0             0
 DEMEVER            0             0             0             0             0


           BETA
              FEMALE        SESGRP        DEMEVER
              ________      ________      ________
 I                 34            35            36
 S                 40            41            42
 BPAGEC             0             0             0
 EDUC               0             0             0
 YTDEADC            0             0             0
 FEMALE             0             0             0
 SESGRP             0             0             0
 DEMEVER            0             0             0


           PSI
              I             S             BPAGEC        EDUC          YTDEADC
              ________      ________      ________      ________      ________
 I                 19
 S                 20            21
 BPAGEC             0             0            22
 EDUC               0             0            23            24
 YTDEADC            0             0            25            26            27
 FEMALE             0             0             0             0             0
 SESGRP             0             0             0             0             0
 DEMEVER            0             0             0             0             0


           PSI
              FEMALE        SESGRP        DEMEVER
              ________      ________      ________
 FEMALE             0
 SESGRP             0             0
 DEMEVER            0             0             0


     PARAMETER SPECIFICATION FOR LATENT CLASS REGRESSION MODEL PART


           ALPHA(C)
              C#1           C#2
              ________      ________
 1                 43             0


           GAMMA(C)
              I             S             BPAGEC        EDUC          YTDEADC
              ________      ________      ________      ________      ________
 C#1                0             0            44            45            46
 C#2                0             0             0             0             0


           GAMMA(C)
              FEMALE        SESGRP        DEMEVER
              ________      ________      ________
 C#1               47            48            49
 C#2                0             0             0


     STARTING VALUES FOR LATENT CLASS 1


           NU
              Y1            Y2            Y3            BPAGEC        EDUC
              ________      ________      ________      ________      ________
 1              0.000         0.000         0.000         0.000         0.000


           NU
              YTDEADC       FEMALE        SESGRP        DEMEVER
              ________      ________      ________      ________
 1              0.000         0.000         0.000         0.000


           LAMBDA
              I             S             BPAGEC        EDUC          YTDEADC
              ________      ________      ________      ________      ________
 Y1             0.000         0.000         0.000         0.000         0.000
 Y2             0.000         0.000         0.000         0.000         0.000
 Y3             0.000         0.000         0.000         0.000         0.000
 BPAGEC         0.000         0.000         1.000         0.000         0.000
 EDUC           0.000         0.000         0.000         1.000         0.000
 YTDEADC        0.000         0.000         0.000         0.000         1.000
 FEMALE         0.000         0.000         0.000         0.000         0.000
 SESGRP         0.000         0.000         0.000         0.000         0.000
 DEMEVER        0.000         0.000         0.000         0.000         0.000


           LAMBDA
              FEMALE        SESGRP        DEMEVER
              ________      ________      ________
 Y1             0.000         0.000         0.000
 Y2             0.000         0.000         0.000
 Y3             0.000         0.000         0.000
 BPAGEC         0.000         0.000         0.000
 EDUC           0.000         0.000         0.000
 YTDEADC        0.000         0.000         0.000
 FEMALE         1.000         0.000         0.000
 SESGRP         0.000         1.000         0.000
 DEMEVER        0.000         0.000         1.000


           THETA
              Y1            Y2            Y3            BPAGEC        EDUC
              ________      ________      ________      ________      ________
 Y1            17.182
 Y2             0.000        23.281
 Y3             0.000         0.000        30.925
 BPAGEC         0.000         0.000         0.000         0.000
 EDUC           0.000         0.000         0.000         0.000         0.000
 YTDEADC        0.000         0.000         0.000         0.000         0.000
 FEMALE         0.000         0.000         0.000         0.000         0.000
 SESGRP         0.000         0.000         0.000         0.000         0.000
 DEMEVER        0.000         0.000         0.000         0.000         0.000


           THETA
              YTDEADC       FEMALE        SESGRP        DEMEVER
              ________      ________      ________      ________
 YTDEADC        0.000
 FEMALE         0.000         0.000
 SESGRP         0.000         0.000         0.000
 DEMEVER        0.000         0.000         0.000         0.000


           ALPHA
              I             S             BPAGEC        EDUC          YTDEADC
              ________      ________      ________      ________      ________
 1             21.564        -3.140         0.461         2.858         3.241


           ALPHA
              FEMALE        SESGRP        DEMEVER
              ________      ________      ________
 1              0.000         0.000         0.000


           BETA
              I             S             BPAGEC        EDUC          YTDEADC
              ________      ________      ________      ________      ________
 I              0.000         0.000         0.000         0.000         0.000
 S              0.000         0.000         0.000         0.000         0.000
 BPAGEC         0.000         0.000         0.000         0.000         0.000
 EDUC           0.000         0.000         0.000         0.000         0.000
 YTDEADC        0.000         0.000         0.000         0.000         0.000
 FEMALE         0.000         0.000         0.000         0.000         0.000
 SESGRP         0.000         0.000         0.000         0.000         0.000
 DEMEVER        0.000         0.000         0.000         0.000         0.000


           BETA
              FEMALE        SESGRP        DEMEVER
              ________      ________      ________
 I              0.000         0.000         0.000
 S              0.000         0.000         0.000
 BPAGEC         0.000         0.000         0.000
 EDUC           0.000         0.000         0.000
 YTDEADC        0.000         0.000         0.000
 FEMALE         0.000         0.000         0.000
 SESGRP         0.000         0.000         0.000
 DEMEVER        0.000         0.000         0.000


           PSI
              I             S             BPAGEC        EDUC          YTDEADC
              ________      ________      ________      ________      ________
 I             45.661
 S              0.000        15.821
 BPAGEC         0.000         0.000         0.090
 EDUC           0.000         0.000         0.000         1.719
 YTDEADC        0.000         0.000         0.000         0.000         1.245
 FEMALE         0.000         0.000         0.000         0.000         0.000
 SESGRP         0.000         0.000         0.000         0.000         0.000
 DEMEVER        0.000         0.000         0.000         0.000         0.000


           PSI
              FEMALE        SESGRP        DEMEVER
              ________      ________      ________
 FEMALE         0.124
 SESGRP         0.000         0.122
 DEMEVER        0.000         0.000         0.054


     STARTING VALUES FOR LATENT CLASS 2


           NU
              Y1            Y2            Y3            BPAGEC        EDUC
              ________      ________      ________      ________      ________
 1              0.000         0.000         0.000         0.000         0.000


           NU
              YTDEADC       FEMALE        SESGRP        DEMEVER
              ________      ________      ________      ________
 1              0.000         0.000         0.000         0.000


           LAMBDA
              I             S             BPAGEC        EDUC          YTDEADC
              ________      ________      ________      ________      ________
 Y1             0.000         0.000         0.000         0.000         0.000
 Y2             0.000         0.000         0.000         0.000         0.000
 Y3             0.000         0.000         0.000         0.000         0.000
 BPAGEC         0.000         0.000         1.000         0.000         0.000
 EDUC           0.000         0.000         0.000         1.000         0.000
 YTDEADC        0.000         0.000         0.000         0.000         1.000
 FEMALE         0.000         0.000         0.000         0.000         0.000
 SESGRP         0.000         0.000         0.000         0.000         0.000
 DEMEVER        0.000         0.000         0.000         0.000         0.000


           LAMBDA
              FEMALE        SESGRP        DEMEVER
              ________      ________      ________
 Y1             0.000         0.000         0.000
 Y2             0.000         0.000         0.000
 Y3             0.000         0.000         0.000
 BPAGEC         0.000         0.000         0.000
 EDUC           0.000         0.000         0.000
 YTDEADC        0.000         0.000         0.000
 FEMALE         1.000         0.000         0.000
 SESGRP         0.000         1.000         0.000
 DEMEVER        0.000         0.000         1.000


           THETA
              Y1            Y2            Y3            BPAGEC        EDUC
              ________      ________      ________      ________      ________
 Y1            17.182
 Y2             0.000        23.281
 Y3             0.000         0.000        30.925
 BPAGEC         0.000         0.000         0.000         0.000
 EDUC           0.000         0.000         0.000         0.000         0.000
 YTDEADC        0.000         0.000         0.000         0.000         0.000
 FEMALE         0.000         0.000         0.000         0.000         0.000
 SESGRP         0.000         0.000         0.000         0.000         0.000
 DEMEVER        0.000         0.000         0.000         0.000         0.000


           THETA
              YTDEADC       FEMALE        SESGRP        DEMEVER
              ________      ________      ________      ________
 YTDEADC        0.000
 FEMALE         0.000         0.000
 SESGRP         0.000         0.000         0.000
 DEMEVER        0.000         0.000         0.000         0.000


           ALPHA
              I             S             BPAGEC        EDUC          YTDEADC
              ________      ________      ________      ________      ________
 1             21.564        -3.140         0.461         2.858         3.241


           ALPHA
              FEMALE        SESGRP        DEMEVER
              ________      ________      ________
 1              0.000         0.000         0.000


           BETA
              I             S             BPAGEC        EDUC          YTDEADC
              ________      ________      ________      ________      ________
 I              0.000         0.000         0.000         0.000         0.000
 S              0.000         0.000         0.000         0.000         0.000
 BPAGEC         0.000         0.000         0.000         0.000         0.000
 EDUC           0.000         0.000         0.000         0.000         0.000
 YTDEADC        0.000         0.000         0.000         0.000         0.000
 FEMALE         0.000         0.000         0.000         0.000         0.000
 SESGRP         0.000         0.000         0.000         0.000         0.000
 DEMEVER        0.000         0.000         0.000         0.000         0.000


           BETA
              FEMALE        SESGRP        DEMEVER
              ________      ________      ________
 I              0.000         0.000         0.000
 S              0.000         0.000         0.000
 BPAGEC         0.000         0.000         0.000
 EDUC           0.000         0.000         0.000
 YTDEADC        0.000         0.000         0.000
 FEMALE         0.000         0.000         0.000
 SESGRP         0.000         0.000         0.000
 DEMEVER        0.000         0.000         0.000


           PSI
              I             S             BPAGEC        EDUC          YTDEADC
              ________      ________      ________      ________      ________
 I             45.661
 S              0.000        15.821
 BPAGEC         0.000         0.000         0.090
 EDUC           0.000         0.000         0.000         1.719
 YTDEADC        0.000         0.000         0.000         0.000         1.245
 FEMALE         0.000         0.000         0.000         0.000         0.000
 SESGRP         0.000         0.000         0.000         0.000         0.000
 DEMEVER        0.000         0.000         0.000         0.000         0.000


           PSI
              FEMALE        SESGRP        DEMEVER
              ________      ________      ________
 FEMALE         0.124
 SESGRP         0.000         0.122
 DEMEVER        0.000         0.000         0.054


     STARTING VALUES FOR LATENT CLASS REGRESSION MODEL PART


           ALPHA(C)
              C#1           C#2
              ________      ________
 1              0.000         0.000


           GAMMA(C)
              I             S             BPAGEC        EDUC          YTDEADC
              ________      ________      ________      ________      ________
 C#1            0.000         0.000         0.000         0.000         0.000
 C#2            0.000         0.000         0.000         0.000         0.000


           GAMMA(C)
              FEMALE        SESGRP        DEMEVER
              ________      ________      ________
 C#1            0.000         0.000         0.000
 C#2            0.000         0.000         0.000


SAMPLE STATISTICS FOR ESTIMATED FACTOR SCORES


     SAMPLE STATISTICS


           Means
              I             S             C_I           C_S
              ________      ________      ________      ________
 1             23.516        -2.114        23.627        -2.038


           Covariances
              I             S             C_I           C_S
              ________      ________      ________      ________
 I             36.551
 S              9.942         4.101
 C_I           37.934        10.379        40.400
 C_S           10.530         4.303        11.373         4.717


           Correlations
              I             S             C_I           C_S
              ________      ________      ________      ________
 I              1.000
 S              0.812         1.000
 C_I            0.987         0.806         1.000
 C_S            0.802         0.978         0.824         1.000


PLOT INFORMATION

The following plots are available:

  Histograms (sample values, estimated factor scores)
  Scatterplots (sample values, estimated factor scores)
  Latent variable distribution plots

SAVEDATA INFORMATION


  Save file
    newcastle-mmse-k-2.txt

  Order and format of variables

    Y1             F10.3
    Y2             F10.3
    Y3             F10.3
    BPAGEC         F10.3
    EDUC           F10.3
    YTDEADC        F10.3
    FEMALE         F10.3
    SESGRP         F10.3
    DEMEVER        F10.3
    DTIMEC1        F10.3
    DTIMEC2        F10.3
    DTIMEC3        F10.3
    I              F10.3
    S              F10.3
    C_I            F10.3
    C_S            F10.3
    CPROB1         F10.3
    CPROB2         F10.3
    C              F10.3

  Save file format
    19F10.3

  Save file record length    10000


DIAGRAM INFORMATION

  Mplus diagrams are currently not available for Mixture analysis.
  No diagram output was produced.


     Beginning Time:  14:09:53
        Ending Time:  14:32:59
       Elapsed Time:  00:23:06



MUTHEN & MUTHEN
3463 Stoner Ave.
Los Angeles, CA  90066

Tel: (310) 391-9971
Fax: (310) 391-8971
Web: www.StatModel.com
Support: Support@StatModel.com

Copyright (c) 1998-2014 Muthen & Muthen
